<?xml version="1.0" encoding="UTF-8"?>
<testsuite name="BookRoomTest" tests="1" skipped="0" failures="0" errors="0" timestamp="2024-01-17T12:10:16" hostname="user" time="14.575">
  <properties/>
  <testcase name="bookRoom()" classname="BookRoomTest" time="14.575"/>
  <system-out><![CDATA[]]></system-out>
  <system-err><![CDATA[]]></system-err>
</testsuite>
